<?xml version="1.0" encoding="UTF-8"?>
<testsuite xmlns:xsi="http://www.w3.org/2001/XMLSchema-instance" xsi:noNamespaceSchemaLocation="https://maven.apache.org/surefire/maven-surefire-plugin/xsd/surefire-test-report.xsd" name="com.nixsolutions.webapp.dao.SpringUserTest" time="0.214" tests="9" errors="0" skipped="0" failures="0">
  <properties>
[...]
</properties>
  <testcase name="testDelUnexisted" classname="com.nixsolutions.webapp.dao.SpringUserTest" time="0.031"/>
  <testcase name="testFindAll" classname="com.nixsolutions.webapp.dao.SpringUserTest" time="0.022"/>
  <testcase name="testFindByEmail" classname="com.nixsolutions.webapp.dao.SpringUserTest" time="0.021"/>
  <testcase name="testFindByLogin" classname="com.nixsolutions.webapp.dao.SpringUserTest" time="0.02"/>
  <testcase name="testUpdUnexist" classname="com.nixsolutions.webapp.dao.SpringUserTest" time="0.02"/>
  <testcase name="testCreate" classname="com.nixsolutions.webapp.dao.SpringUserTest" time="0.022"/>
  <testcase name="testFkViol" classname="com.nixsolutions.webapp.dao.SpringUserTest" time="0.022"/>
  <testcase name="testRemove" classname="com.nixsolutions.webapp.dao.SpringUserTest" time="0.02"/>
  <testcase name="testUpdate" classname="com.nixsolutions.webapp.dao.SpringUserTest" time="0.022"/>
</testsuite>